Build started 11/06/2013 21:59:30.
     1>Project "D:\Projects\Git\WindowsAzure.Acs.Oauth2\src\WindowsAzure.Acs.Oauth2\WindowsAzure.Acs.Oauth2.sln" on node 1 (default targets).
     1>ValidateSolutionConfiguration:
         Building solution configuration "Release|Any CPU".
     1>Project "D:\Projects\Git\WindowsAzure.Acs.Oauth2\src\WindowsAzure.Acs.Oauth2\WindowsAzure.Acs.Oauth2.sln" (1) is building "D:\Projects\Git\WindowsAzure.Acs.Oauth2\src\WindowsAzure.Acs.Oauth2\WindowsAzure.Acs.Oauth2\WindowsAzure.Acs.Oauth2.csproj" (2) on node 1 (default targets).
     2>RestorePackages:
         "D:\Projects\Git\WindowsAzure.Acs.Oauth2\src\WindowsAzure.Acs.Oauth2\.nuget\nuget.exe" install "D:\Projects\Git\WindowsAzure.Acs.Oauth2\src\WindowsAzure.Acs.Oauth2\WindowsAzure.Acs.Oauth2\packages.config" -source "" -o "D:\Projects\Git\WindowsAzure.Acs.Oauth2\src\WindowsAzure.Acs.Oauth2\packages"
         All packages listed in packages.config are already installed.
     1>Project "D:\Projects\Git\WindowsAzure.Acs.Oauth2\src\WindowsAzure.Acs.Oauth2\WindowsAzure.Acs.Oauth2.sln" (1) is building "D:\Projects\Git\WindowsAzure.Acs.Oauth2\src\WindowsAzure.Acs.Oauth2\WindowsAzure.Acs.Oauth2.Client.WinRT\WindowsAzure.Acs.Oauth2.Client.WinRT.csproj" (3) on node 2 (default targets).
     3>RestorePackages:
         "D:\Projects\Git\WindowsAzure.Acs.Oauth2\src\WindowsAzure.Acs.Oauth2\.nuget\nuget.exe" install "D:\Projects\Git\WindowsAzure.Acs.Oauth2\src\WindowsAzure.Acs.Oauth2\WindowsAzure.Acs.Oauth2.Client.WinRT\packages.config" -source "" -o "D:\Projects\Git\WindowsAzure.Acs.Oauth2\src\WindowsAzure.Acs.Oauth2\packages"
     1>Project "D:\Projects\Git\WindowsAzure.Acs.Oauth2\src\WindowsAzure.Acs.Oauth2\WindowsAzure.Acs.Oauth2.sln" (1) is building "D:\Projects\Git\WindowsAzure.Acs.Oauth2\src\WindowsAzure.Acs.Oauth2\WindowsAzure.Acs.Oauth2.Sample\WindowsAzure.Acs.Oauth2.Sample.csproj" (4) on node 3 (default targets).
     4>RestorePackages:
         "D:\Projects\Git\WindowsAzure.Acs.Oauth2\src\WindowsAzure.Acs.Oauth2\.nuget\nuget.exe" install "D:\Projects\Git\WindowsAzure.Acs.Oauth2\src\WindowsAzure.Acs.Oauth2\WindowsAzure.Acs.Oauth2.Sample\packages.config" -source "" -o "D:\Projects\Git\WindowsAzure.Acs.Oauth2\src\WindowsAzure.Acs.Oauth2\packages"
     1>Project "D:\Projects\Git\WindowsAzure.Acs.Oauth2\src\WindowsAzure.Acs.Oauth2\WindowsAzure.Acs.Oauth2.sln" (1) is building "D:\Projects\Git\WindowsAzure.Acs.Oauth2\src\WindowsAzure.Acs.Oauth2\WindowsAzure.Acs.Oauth2.Client\WindowsAzure.Acs.Oauth2.Client.csproj" (5) on node 4 (default targets).
     5>RestorePackages:
         "D:\Projects\Git\WindowsAzure.Acs.Oauth2\src\WindowsAzure.Acs.Oauth2\.nuget\nuget.exe" install "D:\Projects\Git\WindowsAzure.Acs.Oauth2\src\WindowsAzure.Acs.Oauth2\WindowsAzure.Acs.Oauth2.Client\packages.config" -source "" -o "D:\Projects\Git\WindowsAzure.Acs.Oauth2\src\WindowsAzure.Acs.Oauth2\packages"
     2>CoreResGen:
         No resources are out of date with respect to their source files. Skipping resource generation.
       GenerateTargetFrameworkMonikerAttribute:
       Skipping target "GenerateTargetFrameworkMonikerAttribute" because all output files are up-to-date with respect to the input files.
       CoreCompile:
       Skipping target "CoreCompile" because all output files are up-to-date with respect to the input files.
       CopyFilesToOutputDirectory:
         WindowsAzure.Acs.Oauth2 -> D:\Projects\Git\WindowsAzure.Acs.Oauth2\src\WindowsAzure.Acs.Oauth2\WindowsAzure.Acs.Oauth2\bin\Release\WindowsAzure.Acs.Oauth2.dll
       BuildPackage:
         "D:\Projects\Git\WindowsAzure.Acs.Oauth2\src\WindowsAzure.Acs.Oauth2\.nuget\nuget.exe" pack "D:\Projects\Git\WindowsAzure.Acs.Oauth2\src\WindowsAzure.Acs.Oauth2\WindowsAzure.Acs.Oauth2\WindowsAzure.Acs.Oauth2.csproj" -p Configuration=Release -o "D:\Projects\Git\WindowsAzure.Acs.Oauth2\src\WindowsAzure.Acs.Oauth2\WindowsAzure.Acs.Oauth2\bin\Release" -symbols
     3>RestorePackages:
         All packages listed in packages.config are already installed.
     4>RestorePackages:
         All packages listed in packages.config are already installed.
     5>RestorePackages:
         All packages listed in packages.config are already installed.
     3>GenerateTargetFrameworkMonikerAttribute:
       Skipping target "GenerateTargetFrameworkMonikerAttribute" because all output files are up-to-date with respect to the input files.
       CoreCompile:
       Skipping target "CoreCompile" because all output files are up-to-date with respect to the input files.
       CopyFilesToOutputDirectory:
         WindowsAzure.Acs.Oauth2.Client.WinRT -> D:\Projects\Git\WindowsAzure.Acs.Oauth2\src\WindowsAzure.Acs.Oauth2\WindowsAzure.Acs.Oauth2.Client.WinRT\bin\Release\WindowsAzure.Acs.Oauth2.Client.WinRT.dll
     2>BuildPackage:
         Attempting to build package from 'WindowsAzure.Acs.Oauth2.csproj'.
     5>CoreResGen:
         No resources are out of date with respect to their source files. Skipping resource generation.
       GenerateTargetFrameworkMonikerAttribute:
       Skipping target "GenerateTargetFrameworkMonikerAttribute" because all output files are up-to-date with respect to the input files.
       CoreCompile:
       Skipping target "CoreCompile" because all output files are up-to-date with respect to the input files.
     3>GetPackagingOutputs:
         WindowsAzure.Acs.Oauth2.Client.WinRT : WindowsAzure.Acs.Oauth2.Client.WinRT.ProjectPriFile : D:\Projects\Git\WindowsAzure.Acs.Oauth2\src\WindowsAzure.Acs.Oauth2\WindowsAzure.Acs.Oauth2.Client.WinRT\bin\Release\WindowsAzure.Acs.Oauth2.Client.WinRT.pri -> WindowsAzure.Acs.Oauth2.Client.WinRT.pri
     5>CopyFilesToOutputDirectory:
         WindowsAzure.Acs.Oauth2.Client -> D:\Projects\Git\WindowsAzure.Acs.Oauth2\src\WindowsAzure.Acs.Oauth2\WindowsAzure.Acs.Oauth2.Client\bin\Release\WindowsAzure.Acs.Oauth2.Client.dll
     3>GetPackagingOutputs:
         WindowsAzure.Acs.Oauth2.Client.WinRT : WindowsAzure.Acs.Oauth2.Client.WinRT.BuiltProjectOutputGroup : D:\Projects\Git\WindowsAzure.Acs.Oauth2\src\WindowsAzure.Acs.Oauth2\WindowsAzure.Acs.Oauth2.Client.WinRT\bin\Release\WindowsAzure.Acs.Oauth2.Client.WinRT.dll -> WindowsAzure.Acs.Oauth2.Client.WinRT.dll
         WindowsAzure.Acs.Oauth2.Client.WinRT : WindowsAzure.Acs.Oauth2.Client.WinRT.DebugSymbolsProjectOutputGroup : D:\Projects\Git\WindowsAzure.Acs.Oauth2\src\WindowsAzure.Acs.Oauth2\WindowsAzure.Acs.Oauth2.Client.WinRT\bin\Release\WindowsAzure.Acs.Oauth2.Client.WinRT.pdb -> WindowsAzure.Acs.Oauth2.Client.WinRT.pdb
         WindowsAzure.Acs.Oauth2.Client.WinRT : WindowsAzure.Acs.Oauth2.Client.WinRT.CopyLocalFilesOutputGroup : D:\Projects\Git\WindowsAzure.Acs.Oauth2\src\WindowsAzure.Acs.Oauth2\packages\Newtonsoft.Json.4.5.11\lib\winrt45\Newtonsoft.Json.dll -> Newtonsoft.Json.dll
         WindowsAzure.Acs.Oauth2.Client.WinRT : WindowsAzure.Acs.Oauth2.Client.WinRT.CopyLocalFilesOutputGroup : D:\Projects\Git\WindowsAzure.Acs.Oauth2\src\WindowsAzure.Acs.Oauth2\packages\Newtonsoft.Json.4.5.11\lib\winrt45\Newtonsoft.Json.xml -> Newtonsoft.Json.xml
         WindowsAzure.Acs.Oauth2.Client.WinRT : WindowsAzure.Acs.Oauth2.Client.WinRT._GetProjectArchitecture : neutral -> 
       _GenerateProjectPriConfigurationFiles:
       Skipping target "_GenerateProjectPriConfigurationFiles" because all output files are up-to-date with respect to the input files.
       _GenerateProjectPriFileCore:
       Skipping target "_GenerateProjectPriFileCore" because all output files are up-to-date with respect to the input files.
     5>BuildPackage:
         "D:\Projects\Git\WindowsAzure.Acs.Oauth2\src\WindowsAzure.Acs.Oauth2\.nuget\nuget.exe" pack "D:\Projects\Git\WindowsAzure.Acs.Oauth2\src\WindowsAzure.Acs.Oauth2\WindowsAzure.Acs.Oauth2.Client\WindowsAzure.Acs.Oauth2.Client.csproj" -p Configuration=Release -o "D:\Projects\Git\WindowsAzure.Acs.Oauth2\src\WindowsAzure.Acs.Oauth2\WindowsAzure.Acs.Oauth2.Client\bin\Release" -symbols
     3>BuildPackage:
         "D:\Projects\Git\WindowsAzure.Acs.Oauth2\src\WindowsAzure.Acs.Oauth2\.nuget\nuget.exe" pack "D:\Projects\Git\WindowsAzure.Acs.Oauth2\src\WindowsAzure.Acs.Oauth2\WindowsAzure.Acs.Oauth2.Client.WinRT\WindowsAzure.Acs.Oauth2.Client.WinRT.csproj" -p Configuration=Release -o "D:\Projects\Git\WindowsAzure.Acs.Oauth2\src\WindowsAzure.Acs.Oauth2\WindowsAzure.Acs.Oauth2.Client.WinRT\bin\Release" -symbols
     2>BuildPackage:
         Packing files from 'D:\Projects\Git\WindowsAzure.Acs.Oauth2\src\WindowsAzure.Acs.Oauth2\WindowsAzure.Acs.Oauth2\bin\Release'.
     5>BuildPackage:
         Attempting to build package from 'WindowsAzure.Acs.Oauth2.Client.csproj'.
     3>BuildPackage:
         Attempting to build package from 'WindowsAzure.Acs.Oauth2.Client.WinRT.csproj'.
     2>BuildPackage:
         Using 'WindowsAzure.Acs.Oauth2.nuspec' for metadata.
     5>BuildPackage:
         Packing files from 'D:\Projects\Git\WindowsAzure.Acs.Oauth2\src\WindowsAzure.Acs.Oauth2\WindowsAzure.Acs.Oauth2.Client\bin\Release'.
     3>BuildPackage:
         Packing files from 'D:\Projects\Git\WindowsAzure.Acs.Oauth2\src\WindowsAzure.Acs.Oauth2\WindowsAzure.Acs.Oauth2.Client.WinRT\bin\Release'.
     5>BuildPackage:
         Using 'WindowsAzure.Acs.Oauth2.Client.nuspec' for metadata.
     3>BuildPackage:
         Using 'WindowsAzure.Acs.Oauth2.Client.WinRT.nuspec' for metadata.
     5>BuildPackage:
         Found packages.config. Using packages listed as dependencies
     2>BuildPackage:
         File from dependency is changed. Adding file 'Web.config.transform'.
         Found packages.config. Using packages listed as dependencies
     3>BuildPackage:
         Found packages.config. Using packages listed as dependencies
     5>BuildPackage:
         Successfully created package 'D:\Projects\Git\WindowsAzure.Acs.Oauth2\src\WindowsAzure.Acs.Oauth2\WindowsAzure.Acs.Oauth2.Client\bin\Release\WindowsAzure.Acs.Oauth2.Client.1.0.4910.37728.nupkg'.
         
         Attempting to build symbols package for 'WindowsAzure.Acs.Oauth2.Client.csproj'.
         Packing files from 'D:\Projects\Git\WindowsAzure.Acs.Oauth2\src\WindowsAzure.Acs.Oauth2\WindowsAzure.Acs.Oauth2.Client\bin\Release'.
     3>BuildPackage:
         Successfully created package 'D:\Projects\Git\WindowsAzure.Acs.Oauth2\src\WindowsAzure.Acs.Oauth2\WindowsAzure.Acs.Oauth2.Client.WinRT\bin\Release\WindowsAzure.Acs.Oauth2.Client.WinRT.1.0.4910.37731.nupkg'.
         
         Attempting to build symbols package for 'WindowsAzure.Acs.Oauth2.Client.WinRT.csproj'.
         Packing files from 'D:\Projects\Git\WindowsAzure.Acs.Oauth2\src\WindowsAzure.Acs.Oauth2\WindowsAzure.Acs.Oauth2.Client.WinRT\bin\Release'.
     5>BuildPackage:
         Using 'WindowsAzure.Acs.Oauth2.Client.nuspec' for metadata.
     3>BuildPackage:
         Using 'WindowsAzure.Acs.Oauth2.Client.WinRT.nuspec' for metadata.
     2>BuildPackage:
         Successfully created package 'D:\Projects\Git\WindowsAzure.Acs.Oauth2\src\WindowsAzure.Acs.Oauth2\WindowsAzure.Acs.Oauth2\bin\Release\WindowsAzure.Acs.Oauth2.1.0.4910.37728.nupkg'.
         
         Attempting to build symbols package for 'WindowsAzure.Acs.Oauth2.csproj'.
         Packing files from 'D:\Projects\Git\WindowsAzure.Acs.Oauth2\src\WindowsAzure.Acs.Oauth2\WindowsAzure.Acs.Oauth2\bin\Release'.
     5>BuildPackage:
         Found packages.config. Using packages listed as dependencies
     2>BuildPackage:
         Using 'WindowsAzure.Acs.Oauth2.nuspec' for metadata.
     3>BuildPackage:
         Found packages.config. Using packages listed as dependencies
     5>BuildPackage:
         Successfully created package 'D:\Projects\Git\WindowsAzure.Acs.Oauth2\src\WindowsAzure.Acs.Oauth2\WindowsAzure.Acs.Oauth2.Client\bin\Release\WindowsAzure.Acs.Oauth2.Client.1.0.4910.37728.symbols.nupkg'.
     5>Done Building Project "D:\Projects\Git\WindowsAzure.Acs.Oauth2\src\WindowsAzure.Acs.Oauth2\WindowsAzure.Acs.Oauth2.Client\WindowsAzure.Acs.Oauth2.Client.csproj" (default targets).
     3>BuildPackage:
         Successfully created package 'D:\Projects\Git\WindowsAzure.Acs.Oauth2\src\WindowsAzure.Acs.Oauth2\WindowsAzure.Acs.Oauth2.Client.WinRT\bin\Release\WindowsAzure.Acs.Oauth2.Client.WinRT.1.0.4910.37731.symbols.nupkg'.
     3>Done Building Project "D:\Projects\Git\WindowsAzure.Acs.Oauth2\src\WindowsAzure.Acs.Oauth2\WindowsAzure.Acs.Oauth2.Client.WinRT\WindowsAzure.Acs.Oauth2.Client.WinRT.csproj" (default targets).
     2>BuildPackage:
         File from dependency is changed. Adding file 'Web.config.transform'.
         Found packages.config. Using packages listed as dependencies
         Successfully created package 'D:\Projects\Git\WindowsAzure.Acs.Oauth2\src\WindowsAzure.Acs.Oauth2\WindowsAzure.Acs.Oauth2\bin\Release\WindowsAzure.Acs.Oauth2.1.0.4910.37728.symbols.nupkg'.
     2>Done Building Project "D:\Projects\Git\WindowsAzure.Acs.Oauth2\src\WindowsAzure.Acs.Oauth2\WindowsAzure.Acs.Oauth2\WindowsAzure.Acs.Oauth2.csproj" (default targets).
     4>GenerateTargetFrameworkMonikerAttribute:
       Skipping target "GenerateTargetFrameworkMonikerAttribute" because all output files are up-to-date with respect to the input files.
       CoreCompile:
       Skipping target "CoreCompile" because all output files are up-to-date with respect to the input files.
       CopyFilesToOutputDirectory:
         WindowsAzure.Acs.Oauth2.Sample -> D:\Projects\Git\WindowsAzure.Acs.Oauth2\src\WindowsAzure.Acs.Oauth2\WindowsAzure.Acs.Oauth2.Sample\bin\WindowsAzure.Acs.Oauth2.Sample.dll
     4>Done Building Project "D:\Projects\Git\WindowsAzure.Acs.Oauth2\src\WindowsAzure.Acs.Oauth2\WindowsAzure.Acs.Oauth2.Sample\WindowsAzure.Acs.Oauth2.Sample.csproj" (default targets).
     1>Done Building Project "D:\Projects\Git\WindowsAzure.Acs.Oauth2\src\WindowsAzure.Acs.Oauth2\WindowsAzure.Acs.Oauth2.sln" (default targets).

Build succeeded.
    0 Warning(s)
    0 Error(s)

Time Elapsed 00:00:02.56
